<?xml version="1.0" encoding="UTF-8"?>
<!-- Generated by org.testng.reporters.JUnitReportReporter -->
<testsuite hostname="LIN22004208" failures="0" tests="3" name="tests.RegisterTest" time="29.748" errors="0" timestamp="2022-07-08T11:43:06 IST" skipped="0">
  <testcase classname="tests.RegisterTest" name="registerWithMandatoryFields" time="11.753"/>
  <system-out/>
  <testcase classname="tests.RegisterTest" name="registerWithAllFields" time="9.358"/>
  <system-out/>
  <testcase classname="tests.RegisterTest" name="registerWithAlreadyRegisteredEmailAddress" time="8.637"/>
  <system-out/>
</testsuite> <!-- tests.RegisterTest -->
