<?xml version="1.0" encoding="UTF-8"?>
<!-- Generated by org.testng.reporters.JUnitReportReporter -->
<testsuite hostname="LIN22004208" failures="0" tests="1" name="tests.OrderingProductsTest" time="33.631" errors="0" timestamp="2022-07-08T11:43:06 IST" skipped="0">
  <testcase classname="tests.OrderingProductsTest" name="Checkoutwithvaliddeliverydetails" time="33.631"/>
  <system-out/>
</testsuite> <!-- tests.OrderingProductsTest -->
