<?xml version="1.0" encoding="UTF-8"?>
<!-- Generated by org.testng.reporters.JUnitReportReporter -->
<testsuite hostname="LIN22004208" failures="0" tests="3" name="tests.LoginTest" time="22.623" errors="0" timestamp="2022-07-08T11:43:06 IST" skipped="0">
  <testcase classname="tests.LoginTest" name="loginWithValidCredentials" time="7.965"/>
  <system-out/>
  <testcase classname="tests.LoginTest" name="loginWithValidUsernameAndInvalidPassword" time="7.836"/>
  <system-out/>
  <testcase classname="tests.LoginTest" name="loginWithInvalidUsernameAndValidPassword" time="6.822"/>
  <system-out/>
</testsuite> <!-- tests.LoginTest -->
