<?xml version="1.0" encoding="UTF-8"?>
<!-- Generated by org.testng.reporters.JUnitReportReporter -->
<testsuite hostname="LIN22004208" failures="0" tests="3" name="tests.SearchTest" time="19.907" errors="0" timestamp="2022-07-08T11:43:06 IST" skipped="0">
  <testcase classname="tests.SearchTest" name="searchWithValidProduct" time="6.467"/>
  <system-out/>
  <testcase classname="tests.SearchTest" name="searchWithInValidProduct" time="6.593"/>
  <system-out/>
  <testcase classname="tests.SearchTest" name="searchWithoutAnyProduct" time="6.847"/>
  <system-out/>
</testsuite> <!-- tests.SearchTest -->
