<?xml version="1.0" encoding="UTF-8"?>
<!-- Generated by org.testng.reporters.JUnitReportReporter -->
<testsuite hostname="LIN22004208" failures="0" tests="2" name="tests.HomepageTest" time="17.598" errors="0" timestamp="2022-07-08T11:43:06 IST" skipped="0">
  <testcase classname="tests.HomepageTest" name="Verifynavigatinghomepagelogo" time="6.348"/>
  <system-out/>
  <testcase classname="tests.HomepageTest" name="Verifybannerimage" time="11.250"/>
  <system-out/>
</testsuite> <!-- tests.HomepageTest -->
