<?xml version="1.0" encoding="UTF-8"?>
<!-- Generated by org.testng.reporters.JUnitReportReporter -->
<testsuite hostname="LIN22004208" failures="0" tests="3" name="tests.CheckoutTest" time="96.452" errors="0" timestamp="2022-07-08T11:43:06 IST" skipped="0">
  <testcase classname="tests.CheckoutTest" name="Checkoutwithvaliddeliverydetails" time="36.647"/>
  <system-out/>
  <testcase classname="tests.CheckoutTest" name="CheckoutwithInvaliddeliverydetails" time="34.890"/>
  <system-out/>
  <testcase classname="tests.CheckoutTest" name="Checkoutwithnofilledddeliverydetails" time="24.915"/>
  <system-out/>
</testsuite> <!-- tests.CheckoutTest -->
